<?xml version="1.0" encoding="UTF-8"?>
<!-- Generated by org.testng.reporters.JUnitReportReporter -->
<testsuite hostname="LAPTOP-QS8DG931" failures="0" tests="1" name="cucumber.TestNGTestRunner" time="9.336" errors="0" timestamp="2025-09-03T17:07:08 IST" skipped="0">
  <testcase classname="cucumber.TestNGTestRunner" name="runScenario" time="9.336"/>
</testsuite> <!-- cucumber.TestNGTestRunner -->
