<?xml version="1.0" encoding="UTF-8"?>
<!-- Generated by org.testng.reporters.JUnitReportReporter -->
<testsuite hostname="LAPTOP-QS8DG931" failures="0" tests="3" name="raubin.tests.SubmitOrderTest" time="21.905" errors="0" timestamp="2025-08-27T23:31:53 IST" skipped="0">
  <testcase classname="raubin.tests.SubmitOrderTest" name="submitOrder" time="8.282"/>
  <testcase classname="raubin.tests.SubmitOrderTest" name="submitOrder" time="6.942"/>
  <testcase classname="raubin.tests.SubmitOrderTest" name="OrderHistoryTest" time="6.681"/>
</testsuite> <!-- raubin.tests.SubmitOrderTest -->
