<?xml version="1.0" encoding="UTF-8"?>
<!-- Generated by org.testng.reporters.JUnitReportReporter -->
<testsuite hostname="LAPTOP-QS8DG931" failures="0" tests="3" name="raubin.tests.SubmitOrderTest" time="22.766" errors="0" timestamp="2025-09-03T17:20:22 IST" skipped="0">
  <testcase classname="raubin.tests.SubmitOrderTest" name="OrderHistoryTest" time="4.938"/>
  <testcase classname="raubin.tests.SubmitOrderTest" name="submitOrder" time="8.728"/>
  <testcase classname="raubin.tests.SubmitOrderTest" name="submitOrder" time="9.100"/>
</testsuite> <!-- raubin.tests.SubmitOrderTest -->
